Start testing: May 27 15:24 MSK
----------------------------------------------------------
1/1 Testing: test_amphibian
1/1 Test: test_amphibian
Command: "/home/andrew/AndrewB203/workspacenew/RK2/tests/build/test_amphibian"
Directory: /home/andrew/AndrewB203/workspacenew/RK2/tests/build
"test_amphibian" start time: May 27 15:24 MSK
Output:
----------------------------------------------------------
[==========] Running 3 tests from 1 test suite.
[----------] Global test environment set-up.
[----------] 3 tests from AmphibianTest
[ RUN      ] AmphibianTest.DefaultConstructor
[       OK ] AmphibianTest.DefaultConstructor (0 ms)
[ RUN      ] AmphibianTest.GetSpecies
[       OK ] AmphibianTest.GetSpecies (0 ms)
[ RUN      ] AmphibianTest.Clone
[       OK ] AmphibianTest.Clone (0 ms)
[----------] 3 tests from AmphibianTest (0 ms total)

[----------] Global test environment tear-down
[==========] 3 tests from 1 test suite ran. (0 ms total)
[  PASSED  ] 3 tests.
<end of output>
Test time =   0.00 sec
----------------------------------------------------------
Test Passed.
"test_amphibian" end time: May 27 15:24 MSK
"test_amphibian" time elapsed: 00:00:00
----------------------------------------------------------

End testing: May 27 15:24 MSK
